>> bonus
This is matrix A :
    0.6524    0.2571   -0.0549    0.9298   -1.6118
    0.3271   -0.9444    0.9111    0.2398   -0.0245
    1.0826   -1.3218    0.5946   -0.6904   -1.9488
    1.0061    0.9248    0.3502   -0.6516    1.0205
   -0.6509    0.0000    1.2503    1.1921    0.8617

This is vector solution b :
    0.0012
   -0.0708
   -2.4863
    0.5812
   -2.1924

The first initialization :
 x1
 x2
 x3
 x4
 x5
 
Then the answer updates :
3.1398
 x2
 x3
 x4
 x5
 
Then the answer updates :
3.1398
-2.2368
 x3
 x4
 x5
 
Then the answer updates :
3.1398
-2.2368
-4.0899
 x4
 x5
 
Then the answer updates :
3.1398
-2.2368
-4.0899
2.4021
x5
 
This is final answer :
    3.1398
   -2.2368
   -4.0899
    2.4021
    2.4383

This is final answer by using inverse of A:
    3.1398
   -2.2368
   -4.0899
    2.4021
    2.4383

>> bonus
This is matrix A :
   -2.3193    0.8577    0.5362   -2.1237    0.8257
    0.0799   -0.6912    0.8979   -0.5046   -1.0149
   -0.9485    0.4494   -0.1319   -1.2706   -0.4711
    0.4115    0.1006   -0.1472   -0.3826    0.1370
    0.6770    0.8261    1.0078    0.6487   -0.2919

This is vector solution b :
    0.3018
    0.3999
   -0.9300
   -0.1768
   -2.1321

The first initialization :
 x1
 x2
 x3
 x4
 x5
 
Then the answer updates :
-0.3588
 x2
 x3
 x4
 x5
 
Then the answer updates :
-0.3588
-1.9659
 x3
 x4
 x5
 
Then the answer updates :
-0.3588
-1.9659
0.1110
 x4
 x5
 
Then the answer updates :
-0.3588
-1.9659
0.1110
-0.1020
x5
 
This is final answer :
   -0.3588
   -1.9659
    0.1110
   -0.1020
    1.0653

This is final answer by using inverse of A:
   -0.3588
   -1.9659
    0.1110
   -0.1020
    1.0653

>> bonus
This is matrix A :
    1.1454   -0.0209    0.4413   -0.2730    0.0852
   -0.6291   -0.5607   -1.3981    1.5763    0.8810
   -1.2038    2.1778   -0.2551   -0.4809    0.3232
   -0.2539    1.1385    0.1644    0.3275   -0.7841
   -1.4286   -2.4969    0.7477    0.6647   -1.8054

This is vector solution b :
    1.8586
   -0.6045
    0.1034
    0.5632
    0.1136

The first initialization :
 x1
 x2
 x3
 x4
 x5
 
Then the answer updates :
-0.8344
 x2
 x3
 x4
 x5
 
Then the answer updates :
-0.8344
0.8918
 x3
 x4
 x5
 
Then the answer updates :
-0.8344
0.8918
8.3375
 x4
 x5
 
Then the answer updates :
-0.8344
0.8918
8.3375
4.4962
x5
 
This is final answer :
   -0.8344
    0.8918
    8.3375
    4.4962
    4.4727

This is final answer by using inverse of A:
   -0.8344
    0.8918
    8.3375
    4.4962
    4.4727

>> bonus
This is matrix A :
   -0.9047    0.7847   -0.0867    0.3362    1.0360
   -0.4677    0.3086   -1.4694   -0.9047    2.4245
   -0.1249   -0.2339    0.1922   -0.2883    0.9594
    1.4790   -1.0570   -0.8223    0.3501   -0.3158
   -0.8608   -0.2841   -0.0942   -1.8359    0.4286

This is vector solution b :
   -1.0360
    1.8779
    0.9407
    0.7873
   -0.8759

The first initialization :
 x1
 x2
 x3
 x4
 x5
 
Then the answer updates :
5.3148
 x2
 x3
 x4
 x5
 
Then the answer updates :
5.3148
3.9777
 x3
 x4
 x5
 
Then the answer updates :
5.3148
3.9777
1.8853
 x4
 x5
 
Then the answer updates :
5.3148
3.9777
1.8853
-2.3646
x5
 
This is final answer :
    5.3148
    3.9777
    1.8853
   -2.3646
    1.5538

This is final answer by using inverse of A:
    5.3148
    3.9777
    1.8853
   -2.3646
    1.5538

>> bonus
This is matrix A :
    0.3199   -0.9087    0.6992   -0.4470    0.4754
   -0.5583   -0.2099    0.2696    0.1097    1.1741
   -0.3114   -1.6989    0.4943    1.1287    0.1269
   -0.5700    0.6076   -1.4831   -0.2900   -0.6568
   -1.0257   -0.1178   -1.0203    1.2616   -1.4814

This is vector solution b :
    0.1555
    0.8186
   -0.2926
   -0.5408
   -0.3086

The first initialization :
 x1
 x2
 x3
 x4
 x5
 
Then the answer updates :
-1.3928
 x2
 x3
 x4
 x5
 
Then the answer updates :
-1.3928
0.4607
 x3
 x4
 x5
 
Then the answer updates :
-1.3928
0.4607
1.2361
 x4
 x5
 
Then the answer updates :
-1.3928
0.4607
1.2361
-0.4777
x5
 
This is final answer :
   -1.3928
    0.4607
    1.2361
   -0.4777
   -0.1220

This is final answer by using inverse of A:
   -1.3928
    0.4607
    1.2361
   -0.4777
   -0.1220

>> bonus
This is matrix A :
   -1.0966    0.6113   -0.7231   -2.1860   -0.3268
   -0.4930    0.1093    0.5265   -1.3270    0.8123
   -0.1807    1.8140   -0.2603   -1.4410    0.5455
    0.0458    0.3120    0.6001    0.4018   -1.0516
   -0.0638    1.8045    0.5939    1.4702    0.3975

This is vector solution b :
   -0.7519
    1.5163
   -0.0326
    1.6360
   -0.4251

The first initialization :
 x1
 x2
 x3
 x4
 x5
 
Then the answer updates :
0.9963
 x2
 x3
 x4
 x5
 
Then the answer updates :
0.9963
-0.1329
 x3
 x4
 x5
 
Then the answer updates :
0.9963
-0.1329
2.3879
 x4
 x5
 
Then the answer updates :
0.9963
-0.1329
2.3879
-0.9031
x5
 
This is final answer :
    0.9963
   -0.1329
    2.3879
   -0.9031
   -0.5340

This is final answer by using inverse of A:
    0.9963
   -0.1329
    2.3879
   -0.9031
   -0.5340

>> bonus
This is matrix A :
    0.5894   -0.0549    0.9750   -1.5210    0.3005
   -0.0628   -1.1187   -0.6407   -0.7236   -0.3731
   -2.0220   -0.6264    1.8089   -0.5933    0.8155
   -0.9821    0.2495   -1.0799    0.4013    0.7989
    0.6125   -0.9930    0.1992    0.9421    0.1202

This is vector solution b :
    0.5712
    0.4128
   -0.9870
    0.7596
   -0.6572

The first initialization :
 x1
 x2
 x3
 x4
 x5
 
Then the answer updates :
0.2480
 x2
 x3
 x4
 x5
 
Then the answer updates :
0.2480
0.1869
 x3
 x4
 x5
 
Then the answer updates :
0.2480
0.1869
-0.6675
 x4
 x5
 
Then the answer updates :
0.2480
0.1869
-0.6675
-0.5966
x5
 
This is final answer :
    0.2480
    0.1869
   -0.6675
   -0.5966
    0.5947

This is final answer by using inverse of A:
    0.2480
    0.1869
   -0.6675
   -0.5966
    0.5947

>> bonus
This is matrix A :
   -0.6039    1.0468    0.4400    1.7298    0.8671
    0.1769   -0.1980   -0.6169   -0.6086   -0.0799
   -0.3075    0.3277    0.2748   -0.7371    0.8985
   -0.1318   -0.2383    0.6011   -1.7499    0.1837
    0.5954    0.2296    0.0923    0.9105    0.2908

This is vector solution b :
    0.1129
    0.4400
    0.1017
    2.7873
   -1.1667

The first initialization :
 x1
 x2
 x3
 x4
 x5
 
Then the answer updates :
3.5666
 x2
 x3
 x4
 x5
 
Then the answer updates :
3.5666
18.8021
 x3
 x4
 x5
 
Then the answer updates :
3.5666
18.8021
0.7297
 x4
 x5
 
Then the answer updates :
3.5666
18.8021
0.7297
-5.2246
x5
 
This is final answer :
    3.5666
   18.8021
    0.7297
   -5.2246
  -10.0326

This is final answer by using inverse of A:
    3.5666
   18.8021
    0.7297
   -5.2246
  -10.0326

>> bonus
This is matrix A :
   -1.8543   -0.2185    1.2231    0.0668    0.2358
   -1.1407    0.5413   -1.2833    0.0355    0.2458
   -1.0933    0.3893   -2.3290    2.2272    0.0700
   -0.4336    0.7512    0.9019   -0.0692   -0.6086
   -0.1685    1.7783   -1.8356   -0.5073   -1.2226

This is vector solution b :
    0.3165
   -1.3429
   -1.0322
    1.3312
   -0.4189

The first initialization :
 x1
 x2
 x3
 x4
 x5
 
Then the answer updates :
0.3069
 x2
 x3
 x4
 x5
 
Then the answer updates :
0.3069
0.4856
 x3
 x4
 x5
 
Then the answer updates :
0.3069
0.4856
0.8876
 x4
 x5
 
Then the answer updates :
0.3069
0.4856
0.8876
0.5480
x5
 
This is final answer :
    0.3069
    0.4856
    0.8876
    0.5480
   -0.5534

This is final answer by using inverse of A:
    0.3069
    0.4856
    0.8876
    0.5480
   -0.5534

>> bonus
This is matrix A :
   -0.1403    1.0128   -0.2701    1.1437    0.9707
    0.8998    0.6293   -0.4381   -0.5316   -0.4140
   -0.3001   -0.2130   -0.4087    0.9726   -0.4383
    1.0294   -0.8657    0.9835   -0.5223    2.0034
   -0.3451   -1.0431   -0.2977    0.1766    0.9510

This is vector solution b :
   -0.4320
    0.6489
   -0.3601
    0.7059
    1.4158

The first initialization :
 x1
 x2
 x3
 x4
 x5
 
Then the answer updates :
0.1145
 x2
 x3
 x4
 x5
 
Then the answer updates :
0.1145
-0.5080
 x3
 x4
 x5
 
Then the answer updates :
0.1145
-0.5080
-1.5752
 x4
 x5
 
Then the answer updates :
0.1145
-0.5080
-1.5752
-0.8229
x5
 
This is final answer :
    0.1145
   -0.5080
   -1.5752
   -0.8229
    0.6328

This is final answer by using inverse of A:
    0.1145
   -0.5080
   -1.5752
   -0.8229
    0.6328
